Vivado Simulator v2022.2
Copyright 1986-1999, 2001-2022 Xilinx, Inc. All Rights Reserved.
Running: E:/vivado/Xilinx/Vivado/2022.2/bin/unwrapped/win64.o/xelab.exe --incr --debug typical --relax --mt 2 -L xil_defaultlib -L unisims_ver -L unimacro_ver -L secureip --snapshot tb_alu_behav xil_defaultlib.tb_alu xil_defaultlib.glbl -log elaborate.log 
Using 2 slave threads.
Starting static elaboration
Pass Through NonSizing Optimizer
Completed static elaboration
Starting simulation data flow analysis
Completed simulation data flow analysis
Time Resolution for simulation is 1ps
Compiling module xil_defaultlib.step_pulse
Compiling module xil_defaultlib.pc
Compiling module xil_defaultlib.ir
Compiling module xil_defaultlib.mar
Compiling module xil_defaultlib.mbr
Compiling module xil_defaultlib.br
Compiling module xil_defaultlib.acc
Compiling module xil_defaultlib.alu
Compiling module xil_defaultlib.datapath
Compiling module xil_defaultlib.car_reg
Compiling module xil_defaultlib.control_memory
Compiling module xil_defaultlib.micro_sequencer
Compiling module xil_defaultlib.micro_ctrl
Compiling module xil_defaultlib.cpu_core
Compiling module xil_defaultlib.main_memory
Compiling module xil_defaultlib.seven_seg_driver
Compiling module xil_defaultlib.debug_display
Compiling module xil_defaultlib.cpu_top
Compiling module xil_defaultlib.tb_alu
Compiling module xil_defaultlib.glbl
Built simulation snapshot tb_alu_behav
